<?xml version="1.0" encoding="UTF-8"?>
<!-- Generated by org.testng.reporters.JUnitReportReporter -->
<testsuite hostname="LIN30000714" failures="0" tests="3" name="testRunner.testRunner1" time="30.424" errors="0" timestamp="2022-07-19T09:38:11 IST" skipped="0">
  <testcase classname="testRunner.testRunner1" name="runScenario" time="6.973"/>
  <system-out/>
  <testcase classname="testRunner.testRunner1" name="runScenario" time="11.452"/>
  <system-out/>
  <testcase classname="testRunner.testRunner1" name="runScenario" time="11.999"/>
  <system-out/>
</testsuite> <!-- testRunner.testRunner1 -->
